TagLib: Could not open file /home/agyt/music/OR.mp3
TagLib: Could not open file /home/agyt/music/OR.mp3
TagLib: Could not open file /home/agyt/music/OR.mp3
TagLib: MPEG::Header::parse() -- MPEG header did not match MPEG synch.
TagLib: MPEG::Properties::read() -- Could not find an MPEG frame in the stream.
TagLib: Could not open file /home/agyt/music/Ева.mp3
TagLib: Could not open file /home/agyt/music/Ева.mp3
TagLib: Could not open file /home/agyt/music/Ева.mp3
TagLib: Could not open file /home/agyt/music/Ева.mp3
TagLib: Could not open file /home/agyt/music/Ева.mp3
TagLib: Could not open file /home/agyt/music/Ева.mp3
TagLib: Could not open file /home/agyt/music/Ева.mp3
TagLib: Could not open file /home/agyt/music/Ева.mp3
TagLib: Could not open file /home/agyt/music/Ева.mp3
TagLib: Could not open file /home/agyt/music/Ева.mp3
TagLib: Could not open file /home/agyt/music/Damn Lonely.mp3
TagLib: Could not open file /home/agyt/music/Discord.mp3
TagLib: Could not open file /home/agyt/music/Dont touch me na You do not exist.mp3
TagLib: Could not open file /home/agyt/music/Drum Go Dum.mp3
TagLib: Could not open file /home/agyt/music/Fearless.mp3
TagLib: Could not open file /home/agyt/music/Frenchcore Bubblegum bitch.mp3
TagLib: Could not open file /home/agyt/music/Good 4 u.mp3
