2025-08-20T21:25:55 exception: Failed to open "/home/agyt/.config/mpd/state": No such file or directory
2025-08-20T21:25:55 exception: Failed to access /home/agyt/music: No such file or directory
2025-08-20T21:26:06 exception: Failed to open /home/agyt/.config/mpd/playlists: No such file or directory
2025-08-20T21:34:39 exception: Failed to open /home/agyt/.config/mpd/playlists: No such file or directory
2025-08-20T21:34:40 update: added /Back to Life Birthdae.mp3
2025-08-20T21:34:40 update: added /Nightcore GOSSIP.mp3
2025-08-20T21:34:40 update: added /Nightcore Im A Mess.mp3
2025-08-20T21:34:40 update: added /No Money.mp3
2025-08-20T21:34:40 update: added /Nightcore BOYTOY.mp3
2025-08-20T21:34:40 update: added /Nightcore Make You Mine.mp3
2025-08-20T21:34:40 update: added /Nightcore Me Myself I.mp3
2025-08-20T21:34:40 update: added /Nightcore Sit Still Look Pretty.mp3
2025-08-20T21:34:40 update: added /WellerHub.mp3
2025-08-20T21:34:40 update: added /y2mate.com - Conan Gray  Maniac Nightcore.mp3
2025-08-20T21:34:40 update: added /I really want to stay at your house.mp3
2025-08-20T21:34:40 update: added /Nightcore Control.mp3
2025-08-20T21:34:40 update: added /Frenchcore Bubblegum bitch.mp3
2025-08-20T21:34:40 update: added /Falling Faster.mp3
2025-08-20T21:34:40 update: added /Stellar.mp3
2025-08-20T21:34:40 update: added /Abnormality Dancin' Girl.mp3
2025-08-20T21:34:40 update: added /Nightcore Animal.mp3
2025-08-20T21:34:40 update: added /Ignite .mp3
2025-08-20T21:34:40 update: added /y2mate.com -  Nightcore  Look What You Made Me Do.mp3
2025-08-20T21:34:40 update: added /Natural.m4a
2025-08-20T21:34:40 update: added /Nightcore joke's on you.mp3
2025-08-20T21:34:40 update: added /Firework.mp3
2025-08-20T21:34:40 update: added /The Greatest.mp3
[src/libmpg123/id3.c:process_comment():587] error: No comment text / valid description?
2025-08-20T21:34:40 update: added /Nightcore - All The Things She Said (Rock Version).mp3
2025-08-20T21:34:40 update: added /Nightcore Blindfolded.mp3
2025-08-20T21:34:40 update: added /Nightcore Too Kind for This World.mp3
2025-08-20T21:34:40 update: added /y2mate.com - Nightcore  Light It Up  Lyrics.mp3
2025-08-20T21:34:40 update: added /Stereo Heart.mp3
2025-08-20T21:34:40 update: added /Dont touch me na You do not exist.mp3
[src/libmpg123/id3.c:process_comment():587] error: No comment text / valid description?
2025-08-20T21:34:40 update: added /TheFatRat - Fly Away.mp3
2025-08-20T21:34:40 update: added /Fearless.mp3
2025-08-20T21:34:40 update: added /The Rising Tied.mp3
2025-08-20T21:34:40 update: added /Edgerunners Let you down.mp3
2025-08-20T21:34:40 update: added /Asu no Yozora Shoukaihan.mp3
2025-08-20T21:34:40 update: added /Nightcore Saints.mp3
2025-08-20T21:34:40 update: added /カルメン.mp3
2025-08-20T21:34:40 update: added /Hush Hush.mp3
[src/libmpg123/id3.c:process_comment():587] error: No comment text / valid description?
2025-08-20T21:34:40 update: added /Worst Enemy.mp3
2025-08-20T21:34:40 update: added /本当だよ Hontoudayo.mp3
2025-08-20T21:34:40 update: added /Play Date.mp3
2025-08-20T21:34:40 update: added /Nightcore Dollhouse.mp3
2025-08-20T21:34:40 update: added /Nightcore Deal Breaker.mp3
2025-08-20T21:34:40 update: added /Nightcore Diamonds.mp3
2025-08-20T21:34:40 update: added /y2mate.com - Nightcore  As You Fade Away  Lyrics.mp3
2025-08-20T21:34:40 update: added /Nightcore River.mp3
2025-08-20T21:34:40 update: added /y2mate.com - Nightcore  Nevada  Lyrics.mp3
[src/libmpg123/id3.c:process_comment():587] error: No comment text / valid description?
2025-08-20T21:34:40 update: added /Nightcore Best Day of My Life.mp3
[src/libmpg123/id3.c:process_comment():587] error: No comment text / valid description?
2025-08-20T21:34:40 update: added /Trap Queen - Majestic Version Extended.mp3
2025-08-20T21:34:40 update: added /Stay.mp3
2025-08-20T21:34:40 update: added /Caramelldansen.mp3
2025-08-20T21:34:40 update: added /Nightcore Queen.mp3
2025-08-20T21:34:40 update: added /Whisper Whisper Whisper.mp3
2025-08-20T21:34:40 update: added /Sold Out.mp3
2025-08-20T21:34:40 update: added /Pistoleta.mp3
2025-08-20T21:34:40 update: added /Don't Stop Me Now.mp3
2025-08-20T21:34:40 update: added /Dari - I Kissed a Boy (Katy Perry).mp3
2025-08-20T21:34:40 update: added /I Should Have Stayed at Home.mp3
2025-08-20T21:34:40 update: added /Nightcore Where Are You Now.mp3
2025-08-20T21:34:40 update: added /Stick Together [8D].mp3
2025-08-20T21:34:40 update: added /Nightcore Do Re Mi.mp3
2025-08-20T21:34:40 update: added /Nightcore - Arcade.mp3
[src/libmpg123/parse.c:skip_junk():1300] error: Giving up searching valid MPEG header after 65536 bytes of junk.
2025-08-20T21:34:40 mpg123: mpg123_getformat() failed: A generic mpg123 error.
2025-08-20T21:34:40 update: added /Umbrella.mp3
2025-08-20T21:34:40 update: added /Nightcore Selfish.mp3
2025-08-20T21:34:40 update: added /Nightcore  Everybody's Dead Inside [NV].mp3
2025-08-20T21:34:40 update: added /Nightcore If U Seek Amy.mp3
2025-08-20T21:34:40 update: added /Lead Your Partner.mp3
2025-08-20T21:34:40 update: added /Streaming Heart.mp3
2025-08-20T21:34:40 update: added /Nightcore Something Just Like This.mp3
2025-08-20T21:34:40 update: added /Заставлял (Forced).mp3
2025-08-20T21:34:40 update: added /Unstoppable.mp3
2025-08-20T21:34:40 update: added /High Hopes.mp3
2025-08-20T21:34:40 update: added /Demons.m4a
2025-08-20T21:34:40 update: added /y2mate.com - Nightcore  Tokyo Drift  Lyrics.mp3
[src/libmpg123/id3.c:process_comment():587] error: No comment text / valid description?
2025-08-20T21:34:40 update: added /Rihanna - Disturbia.mp3
2025-08-20T21:34:40 update: added /y2mate.com - Nightcore  Angel With A Shotgun  Lyrics.mp3
2025-08-20T21:34:40 update: added /y2mate.com - Nightcore  Burn It Down  Lyrics.mp3
2025-08-20T21:34:40 update: added /Nightcore Twinkle Twinkle.mp3
2025-08-20T21:34:40 update: added /MOONLIGHT COLORs.mp3
[src/libmpg123/id3.c:process_comment():587] error: No comment text / valid description?
2025-08-20T21:34:40 update: added /Nightcore - Monster (Female Version).mp3
2025-08-20T21:34:40 update: added /Nightcore Confident.mp3
2025-08-20T21:34:40 update: added /Nightcore  Pink (Freak) [NV].mp3
[src/libmpg123/id3.c:process_comment():587] error: No comment text / valid description?
2025-08-20T21:34:40 update: added /Nightcore - Die Young.mp3
[src/libmpg123/id3.c:process_comment():587] error: No comment text / valid description?
2025-08-20T21:34:40 update: added /TheFatRat - Stronger.mp3
2025-08-20T21:34:40 update: added /Nightcore Princesses Dont Cry.mp3
2025-08-20T21:34:40 update: added /Nightcore So What.mp3
2025-08-20T21:34:40 update: added /[NA] Nightcore - Nightmare (Lyrics) [(Chino)].webm
2025-08-20T21:34:40 update: added /Nightcore Talk.mp3
2025-08-20T21:34:40 update: added /Nightcore Without me.mp3
2025-08-20T21:34:40 update: added /Applause.mp3
2025-08-20T21:34:40 update: added /I Have Got Demons In My Head.mp3
2025-08-20T21:34:40 update: added /Burn The House Down.mp3
2025-08-20T21:34:40 update: added /y2mate.com - Nightcore  The Upside Down  Lyrics.mp3
2025-08-20T21:34:40 ffmpeg/mov,mp4,m4a,3gp,3g2,mj2: stream 0, timescale not set
2025-08-20T21:34:40 update: added /Ruthlessness.m4a
2025-08-20T21:34:40 update: added /Living Life, In The Night.mp3
[src/libmpg123/id3.c:process_comment():587] error: No comment text / valid description?
2025-08-20T21:34:40 update: added /Marino - hideaway.mp3
2025-08-20T21:34:40 update: added /Nightcore  Monsters Ink [NV].mp3
2025-08-20T21:34:40 update: added /Pumped Up Kicks.mp3
2025-08-20T21:34:40 update: added /Nightcore All My Friends Are Fake.mp3
2025-08-20T21:34:40 update: added /Good 4 u.mp3
2025-08-20T21:34:40 update: added /Nightcore The Greatest.mp3
[src/libmpg123/id3.c:process_comment():587] error: No comment text / valid description?
2025-08-20T21:34:40 update: added /Abnormality Dancin' Kevin.mp3
2025-08-20T21:34:40 update: added /Nightcore Numb.mp3
2025-08-20T21:34:40 update: added /y2mate.com - Nightcore  Rise Up TheFatRat  Lyrics.mp3
2025-08-20T21:34:40 update: added /Nightcore i hate you i love you.mp3
[src/libmpg123/id3.c:process_comment():587] error: No comment text / valid description?
2025-08-20T21:34:40 update: added /Nightcore - Hot N Cold.mp3
2025-08-20T21:34:40 update: added /Nightcore Shape Of You.mp3
[src/libmpg123/id3.c:process_comment():587] error: No comment text / valid description?
2025-08-20T21:34:40 update: added /Disturbia Rihanna - Isaa Cover.mp3
[src/libmpg123/id3.c:process_comment():587] error: No comment text / valid description?
2025-08-20T21:34:40 update: added /Nightcore - Rise Up (TheFatRat).mp3
2025-08-20T21:34:40 update: added /Nightcore Counting Stars.mp3
2025-08-20T21:34:40 update: added /Little Do You Know.mp3
2025-08-20T21:34:40 update: added /Suicidal Thoughts.mp3
2025-08-20T21:34:40 update: added /Nightcore Villain of This Story.mp3
[src/libmpg123/id3.c:process_comment():587] error: No comment text / valid description?
2025-08-20T21:34:40 update: added /Miku by Anamanaguchi.mp3
[src/libmpg123/id3.c:process_comment():587] error: No comment text / valid description?
2025-08-20T21:34:40 update: added /Nightcore - The Storm (TheFatRat & Maisy Kay).mp3
2025-08-20T21:34:40 update: added /Nightcore Dont Worry.mp3
2025-08-20T21:34:40 update: added /Wavin Flag.mp3
2025-08-20T21:34:40 update: added /Nightcore Boy Like You.mp3
2025-08-20T21:34:40 update: added /Let You Down.mp3
2025-08-20T21:34:40 update: added /Cyber Sex.mp3
2025-08-20T21:34:40 update: added /Nightcore Psycho old.mp3
2025-08-20T21:34:40 update: added /Nightcore Im Gonna Show You Crazy.mp3
2025-08-20T21:34:40 update: added /solo leveling (short).mp3
2025-08-20T21:34:40 update: added /Nightcore Heart Attack.mp3
2025-08-20T21:34:40 update: added /Nightcore Lights (Rock Version).mp3
2025-08-20T21:34:40 update: added /Blah Blah Blah.mp3
2025-08-20T21:34:40 update: added /Nightcore R U Crazy.mp3
2025-08-20T21:34:40 update: added /月詠み逆転劇 Gyakutengeki.mp3
[src/libmpg123/id3.c:process_comment():587] error: No comment text / valid description?
2025-08-20T21:34:40 update: added /[Nightcore] - Pardon My French.mp3
2025-08-20T21:34:40 update: added /Rockstar.mp3
2025-08-20T21:34:40 update: added /OneRepublic - Nobody (from Kaiju No. 8) [Official Lyric Video].mp3
2025-08-20T21:34:40 update: added /Im Not Her.mp3
2025-08-20T21:34:40 update: added /Scatterbrain.m4a
2025-08-20T21:34:40 update: added /y2mate.com - Nightcore  No Rival Egzod Maestro Chives  Alaina Cross  Lyrics.mp3
2025-08-20T21:34:40 update: added /y2mate.com - Nightcore  Hiding In The Blue TheFatRat  RIELL  Lyrics.mp3
2025-08-20T21:34:40 update: added /Hate Me Robert Grace.mp3
2025-08-20T21:34:40 update: added /Nightcore Hate me.mp3
2025-08-20T21:34:40 update: added /I Played Widow.m4a
[src/libmpg123/id3.c:process_comment():587] error: No comment text / valid description?
2025-08-20T21:34:40 update: added /I LOVE YOU SO JUMPSTYLE.mp3
2025-08-20T21:34:40 update: added /Nightcore Sweater Weather.mp3
2025-08-20T21:34:40 update: added /Nightcore killer queen.mp3
2025-08-20T21:34:40 update: added /Avicii  The Nights.mp3
2025-08-20T21:34:40 update: added /Nightcore - NEFFEX - Careless (Lyrics).mp3
2025-08-20T21:34:40 update: added /Nightcore I Wanna Be Your Slave.mp3
2025-08-20T21:34:40 update: added /y2mate.com - Nightcore  U  Ur Hand.mp3
2025-08-20T21:34:40 update: added /Nightcore Dont You Worry Child.mp3
2025-08-20T21:34:40 update: added /Random Nightcore.mp3
2025-08-20T21:34:40 update: added /Everlasting Dance.mp3
2025-08-20T21:34:40 update: added /Nobody.mp3
[src/libmpg123/id3.c:process_comment():587] error: No comment text / valid description?
2025-08-20T21:34:40 update: added /TheFatRat - Monody.mp3
2025-08-20T21:34:40 update: added /Nightcore Alibi.mp3
2025-08-20T21:34:40 update: added /y2mate.com - Nightcore  It Dont Matter  Lyrics.mp3
2025-08-20T21:34:40 update: added /Let Me Down Slowly.mp3
2025-08-20T21:34:40 update: added /y2mate.com - Nightcore  abcdefu  Lyrics.mp3
[src/libmpg123/id3.c:process_comment():587] error: No comment text / valid description?
2025-08-20T21:34:40 update: added /Nightcore - Tokyo Drift.mp3
2025-08-20T21:34:40 update: added /Nightcore You Dont Know.mp3
[src/libmpg123/id3.c:process_comment():587] error: No comment text / valid description?
2025-08-20T21:34:40 update: added /Calvin Harris - Outside.mp3
2025-08-20T21:34:40 update: added /Nightcore Rumors.mp3
2025-08-20T21:34:40 update: added /House of Memories.mp3
[src/libmpg123/id3.c:process_comment():587] error: No comment text / valid description?
2025-08-20T21:34:40 update: added /「Nightcore」 Lovin Myself - Ava Max ♡.mp3
2025-08-20T21:34:40 update: added /Borderline.mp3
2025-08-20T21:34:40 update: added /Nightcore Program me [Extended].mp3
2025-08-20T21:34:40 update: added /Nightcore - Fancy Toys (Lyrics).mp3
2025-08-20T21:34:40 update: added /the worst test.mp3
2025-08-20T21:34:40 update: added /NewJeans.mp3
2025-08-20T21:34:40 update: added /Skyfall.mp3
2025-08-20T21:34:40 update: added /MACHINE.mp3
2025-08-20T21:34:40 update: added /I see your monsters.mp3
2025-08-20T21:34:40 update: added /Nightcore SugarCrash Sad.mp3
2025-08-20T21:34:40 update: added /NIGHT CITY.mp3
2025-08-20T21:34:40 update: added /Nightcore Psycho.mp3
2025-08-20T21:34:40 update: added /Nightcore Slumber Party.mp3
[src/libmpg123/id3.c:process_comment():587] error: No comment text / valid description?
2025-08-20T21:34:40 update: added /Nightcore- MiMiMi.mp3
2025-08-20T21:34:40 update: added /bad guy.mp3
2025-08-20T21:34:40 update: added /ZAQ Dance In The Game.mp3
2025-08-20T21:34:40 update: added /Nightcore Statement.mp3
2025-08-20T21:34:40 update: added /Damn Lonely.mp3
2025-08-20T21:34:40 update: added /dying on the inside.m4a.webm
2025-08-20T21:34:40 update: added /Nightcore Siren.mp3
2025-08-20T21:34:40 update: added /Nightcore Just My Type.mp3
2025-08-20T21:34:40 update: added /Theres Nothing Holding Me Back.mp3
2025-08-20T21:34:40 update: added /I Cant Fit In.mp3
2025-08-20T21:34:40 update: added /Nightcore More Than A Friend.mp3
2025-08-20T21:34:40 update: added /Nightcore  Dirty [NV].mp3
2025-08-20T21:34:40 update: added /Hardstyle All The Things She Said.mp3
[src/libmpg123/id3.c:process_comment():587] error: No comment text / valid description?
2025-08-20T21:34:40 update: added /Nightcore - Rock My Body.mp3
2025-08-20T21:34:40 update: added /Nightcore Sweet but Psycho.mp3
2025-08-20T21:34:40 update: added /堕天 (fallen angel).mp3
2025-08-20T21:34:40 update: added /y2mate.com - Nightcore  Scared  Lyrics.mp3
2025-08-20T21:34:40 update: added /Nightcore Criminal.mp3
2025-08-20T21:34:40 update: added /Im good.mp3
2025-08-20T21:34:40 update: added /y2mate.com - Best Nightcore Mix 2024  Gaming Music Mix  New Music 2024 EDM Gaming Music.mp3
2025-08-20T21:34:40 update: added /Nightcore Sweet Little Lies.mp3
2025-08-20T21:34:40 update: added /Nightcore - NEFFEX - Best Of Me (Lyrics).mp3
2025-08-20T21:34:40 update: added /Hollow Hunger.mp3
2025-08-20T21:34:40 update: added /Nightcore Butterflies.mp3
[src/libmpg123/id3.c:process_comment():587] error: No comment text / valid description?
2025-08-20T21:34:40 update: added /【Ado】うっせぇわ.mp3
2025-08-20T21:34:40 update: added /I Love It.mp3
2025-08-20T21:34:40 update: added /Mood.mp3
2025-08-20T21:34:40 ffmpeg/mov,mp4,m4a,3gp,3g2,mj2: stream 0, timescale not set
2025-08-20T21:34:40 update: added /Wonders.m4a
[src/libmpg123/id3.c:process_comment():587] error: No comment text / valid description?
2025-08-20T21:34:40 update: added /Nightcore - It Don't Matter.mp3
[src/libmpg123/id3.c:process_comment():587] error: No comment text / valid description?
2025-08-20T21:34:40 update: added /No Time To Die.mp3
2025-08-20T21:34:40 update: added /y2mate.com - Nightcore  Déjà Vu  Lyrics.mp3
2025-08-20T21:34:40 update: added /Nightcore Take it.mp3
2025-08-20T21:34:40 update: added /Nightcore None Of My Business.mp3
2025-08-20T21:34:40 update: added /Nightcore Rush.mp3
2025-08-20T21:34:40 update: added /y2mate.com - Nightcore  Invincible  Lyrics.mp3
2025-08-20T21:34:40 update: added /Nightcore What I've Done.mp3
2025-08-20T21:34:40 update: added /y2mate.com - Nightcore  Down  Lyrics.mp3
2025-08-20T21:34:40 update: added /アイドル.mp3
2025-08-20T21:34:40 update: added /Nightcore Hands Up!.m4a
2025-08-20T21:34:40 update: added /Nightcore ODD.mp3
2025-08-20T21:34:40 update: added /Nightcore Espresso.mp3
2025-08-20T21:34:40 update: added /The Search.mp3
2025-08-20T21:34:40 update: added /Disturbia.mp3
2025-08-20T21:34:40 update: added /Nightcore Hush Hush Dont Be Shy.mp3
2025-08-20T21:34:40 update: added /Lemonade.mp3
2025-08-20T21:34:40 update: added /Nightcore Gasoline.mp3
2025-08-20T21:34:40 update: added /Make Me Move.m4a
2025-08-20T21:34:40 update: added /Come Home Sped Up.mp3
2025-08-20T21:34:40 update: added /Not OK.mp3
2025-08-20T21:34:40 update: added /Bones.mp3
[src/libmpg123/id3.c:process_comment():587] error: No comment text / valid description?
2025-08-20T21:34:40 update: added /Nightcore - Bring Me to Life (Rock Version).mp3
2025-08-20T21:34:40 update: added /Build A Bitch.mp3
2025-08-20T21:34:40 update: added /Centuries.mp3
[src/libmpg123/id3.c:process_comment():587] error: No comment text / valid description?
2025-08-20T21:34:40 update: added /Rock That Body - The Black Eyed Peas.mp3
2025-08-20T21:34:40 update: added /Nightcore I Think Im In Love.mp3
2025-08-20T21:34:40 update: added /Nightcore - Good Liar  Lyrics.mp3
2025-08-20T21:34:40 update: added /Discord.mp3
2025-08-20T21:34:40 update: added /Nightcore Just Dance.mp3
[src/libmpg123/id3.c:process_comment():587] error: No comment text / valid description?
2025-08-20T21:34:40 update: added /Vicetone - Nevada.mp3
2025-08-20T21:34:40 update: added /Nightcore Take A Hint.mp3
2025-08-20T21:34:40 update: added /Nightcore Thunder.mp3
2025-08-20T21:34:40 update: added /Nightcore Another Love.mp3
2025-08-20T21:34:40 update: added /Nightcore My Soul Is Your Soul.mp3
2025-08-20T21:34:40 update: added /Nightcore Naughty Naughty.mp3
2025-08-20T21:34:40 update: added /Nightcore Infected.mp3
2025-08-20T21:34:40 update: added /Dirty Thoughts Akuma.mp3
[src/libmpg123/id3.c:process_comment():587] error: No comment text / valid description?
[src/libmpg123/id3.c:process_comment():587] error: No comment text / valid description?
2025-08-20T21:34:40 update: added /Hot girl bummer.mp3
2025-08-20T21:34:40 update: added /4ca26a3094235315.mp3
2025-08-20T21:34:40 update: added /Don't Stop.mp3
2025-08-20T21:34:40 update: added /Trevor Daniel.mp3
2025-08-20T21:34:40 update: added /Drum Go Dum.mp3
2025-08-20T21:34:40 update: added /Nightcore  psycho [NV].mp3
2025-08-20T21:34:40 update: added /This is the life.mp3
2025-08-20T21:34:40 update: added /Nightcore Cannibal.mp3
2025-08-20T21:34:40 update: added /Whatever It Takes.mp3
2025-08-20T21:34:40 update: added /y2mate.com - Nightcore  Crazy BEAUZ  JVNA.mp3
2025-08-20T21:34:40 update: added /Kana Hanazawa.mp3
2025-08-20T21:34:40 update: added /Nightcore - Rockefeller Street.mp3
[src/libmpg123/id3.c:process_comment():587] error: No comment text / valid description?
2025-08-20T21:34:40 update: added /Nightcore - Problem.mp3
[src/libmpg123/id3.c:process_comment():587] error: No comment text / valid description?
2025-08-20T21:34:40 update: added /Starships - Nicki Minaj.mp3
2025-08-20T21:34:40 update: added /Nightcore why do you love me.mp3
2025-08-20T21:34:40 update: added /IGNITE eir aoi.mp3
2025-08-20T21:34:40 update: added /Lights.mp3
2025-08-20T21:34:40 update: added /Nightcore Panic Room.mp3
2025-08-20T21:34:40 update: added /Nightcore Teeth.mp3
2025-08-20T21:34:40 update: added /Need To Know.mp3
2025-08-20T21:34:40 update: added /Payphone.mp3
2025-08-20T21:34:40 update: added /Nightcore Red Light.mp3
2025-08-20T21:34:40 update: added /Nightcore I Kissed A Girl.mp3
2025-08-20T21:34:40 update: added /Beggin.mp3
2025-08-20T21:34:40 update: added /Nightcore  kerosene [NV].mp3
2025-08-20T21:34:40 update: added /Nightcore Villain.mp3
2025-08-20T21:34:40 update: added /Sunflower.mp3
2025-08-20T21:34:40 update: added /Nightcore INFERNO.mp3
2025-08-20T21:34:40 update: added /Psycho Dreams Sped Up.mp3
2025-08-20T21:34:40 update: added /Nightcore This Little Girl.mp3
2025-08-20T21:34:40 update: added /Marino Im Doing Fine.mp3
2025-08-20T21:34:40 update: added /Sped Up Money on the dash.mp3
2025-08-20T21:34:40 update: added /Burn It All Down.mp3
2025-08-20T21:34:40 update: added /Nightcore Monster.mp3
2025-08-20T21:34:40 update: added /y2mate.com - Nightcore  We Could Be Together  Lyrics.mp3
2025-08-20T21:34:40 update: added /Nightcore You Are Enough.mp3
2025-08-20T21:34:40 update: added /Nightcore Devils Lullaby.mp3
2025-08-20T21:34:40 update: added /Nightcore Dont Let Me Down.mp3
2025-08-20T21:34:40 update: added /Nightcore How To Be A Heartbreaker.mp3
2025-08-20T21:34:40 update: added /Hate Me.mp3
2025-08-20T21:34:40 update: added /Auralis.mp3
2025-08-20T21:34:40 update: added /How Do I Say Goodbye.mp3
2025-08-20T21:34:40 update: added /Nightcore One More Night.mp3
2025-08-20T21:34:40 update: added /Smells Like Teen Spirit.mp3
2025-08-20T21:34:40 update: added /Nightcore Dynamite.m4a
2025-08-20T21:34:40 update: added /テトリス Tetoris.mp3
2025-08-20T21:34:40 update: added /Nightcore BATTLECRY.mp3
2025-08-20T21:34:40 update: added /Chanel Bag.mp3
2025-08-20T21:34:40 update: added /Nightcore - Somebody That I Used To Know.mp3
2025-08-20T21:34:40 update: added /Nightcore Wonderland 2.mp3
2025-08-20T21:34:40 update: added /Nightcore Still Here.mp3
2025-08-20T21:34:40 update: added /Dark Aria.mp3
2025-08-20T21:34:40 update: added /Who's ready for tomorrow.mp3
[src/libmpg123/id3.c:process_comment():587] error: No comment text / valid description?
2025-08-20T21:34:40 update: added /Nightcore - Titanium.mp3
2025-08-20T21:34:40 update: added /Nightcore Unbreakable.mp3
2025-08-20T21:34:40 update: added /Nightcore Don't Wake Me Up.mp3
2025-08-20T21:34:40 update: added /Suzume.mp3
2025-08-20T21:34:40 update: added /Weather.mp3
2025-08-20T21:34:40 update: added /Nightcore  Outerspace.mp3
2025-08-20T21:34:40 update: added /Nightcore I Knew You Were Trouble.mp3
2025-08-20T21:34:40 update: added /Everything Everywhere.mp3
2025-08-20T21:34:40 update: added /Nightcore WONDERLAND.mp3
2025-08-20T21:34:40 update: added /Nightcore  Do Me.mp3
2025-08-20T21:34:40 update: added /Nightcore Sarcasm.mp3
2025-08-20T21:34:40 update: added /y2mate.com - Nightcore  Vertigo  Lyrics.mp3
2025-08-20T21:34:40 update: added /y2mate.com - Nightcore  Habits Stay High  Lyrics.mp3
2025-08-20T21:34:40 update: added /Nightcore yes & no.mp3
2025-08-20T21:34:40 update: added /Nightcore No Friends.mp3
2025-08-20T21:34:40 update: added /Nightcore Pretty Little Psycho.mp3
2025-08-20T21:34:40 update: added /y2mate.com - Nightcore  Royalty  Lyrics.mp3
2025-08-20T21:34:40 update: added /Nightcore FRIENDS.mp3
2025-08-20T21:34:40 exception: Failed to open /home/agyt/.config/mpd/playlists: No such file or directory
2025-08-20T21:34:52 player: played "OneRepublic - Nobody (from Kaiju No. 8) [Official Lyric Video].mp3"
2025-08-20T21:58:03 player: played "OneRepublic - Nobody (from Kaiju No. 8) [Official Lyric Video].mp3"
2025-08-20T22:00:59 player: played "OneRepublic - Nobody (from Kaiju No. 8) [Official Lyric Video].mp3"
2025-08-20T22:04:52 player: played "OneRepublic - Nobody (from Kaiju No. 8) [Official Lyric Video].mp3"
2025-08-20T22:07:26 player: played "OneRepublic - Nobody (from Kaiju No. 8) [Official Lyric Video].mp3"
2025-08-20T22:10:00 player: played "OneRepublic - Nobody (from Kaiju No. 8) [Official Lyric Video].mp3"
2025-08-20T22:12:34 player: played "OneRepublic - Nobody (from Kaiju No. 8) [Official Lyric Video].mp3"
2025-08-20T22:15:07 player: played "OneRepublic - Nobody (from Kaiju No. 8) [Official Lyric Video].mp3"
2025-08-20T22:17:41 player: played "OneRepublic - Nobody (from Kaiju No. 8) [Official Lyric Video].mp3"
2025-08-20T22:20:15 player: played "OneRepublic - Nobody (from Kaiju No. 8) [Official Lyric Video].mp3"
2025-08-20T22:22:49 player: played "OneRepublic - Nobody (from Kaiju No. 8) [Official Lyric Video].mp3"
2025-08-20T22:25:23 player: played "OneRepublic - Nobody (from Kaiju No. 8) [Official Lyric Video].mp3"
2025-08-20T22:27:57 player: played "OneRepublic - Nobody (from Kaiju No. 8) [Official Lyric Video].mp3"
2025-08-20T22:30:30 player: played "OneRepublic - Nobody (from Kaiju No. 8) [Official Lyric Video].mp3"
2025-08-20T22:33:04 player: played "OneRepublic - Nobody (from Kaiju No. 8) [Official Lyric Video].mp3"
2025-08-20T22:35:38 player: played "OneRepublic - Nobody (from Kaiju No. 8) [Official Lyric Video].mp3"
2025-08-20T22:38:12 player: played "OneRepublic - Nobody (from Kaiju No. 8) [Official Lyric Video].mp3"
2025-08-20T22:40:46 player: played "OneRepublic - Nobody (from Kaiju No. 8) [Official Lyric Video].mp3"
